<?xml version="1.0" encoding="UTF-8"?>
<robot generator="Robot 3.1.2 (Python 3.8.2 on win32)" generated="20200428 17:39:12.846" rpa="false">
<suite id="s1" name="Test01" source="C:\Users\Billy\git\RobotFramework_1\Test01">
<suite id="s1-s1" name="TestSuite1" source="C:\Users\Billy\git\RobotFramework_1\Test01\TestSuite1.robot">
<test id="s1-s1-t1" name="First Test Case">
<kw name="Log" library="BuiltIn">
<doc>Logs the given message with the given level.</doc>
<arguments>
<arg>Starting test case</arg>
</arguments>
<msg timestamp="20200428 17:39:13.614" level="INFO">Starting test case</msg>
<status status="PASS" starttime="20200428 17:39:13.614" endtime="20200428 17:39:13.615"></status>
</kw>
<tags>
<tag>Smoke</tag>
</tags>
<status status="PASS" starttime="20200428 17:39:13.612" endtime="20200428 17:39:13.615" critical="yes"></status>
</test>
<test id="s1-s1-t2" name="OpenBrowser">
<kw name="Log" library="BuiltIn">
<doc>Logs the given message with the given level.</doc>
<arguments>
<arg>Navigating to Google</arg>
</arguments>
<msg timestamp="20200428 17:39:13.618" level="INFO">Navigating to Google</msg>
<status status="PASS" starttime="20200428 17:39:13.617" endtime="20200428 17:39:13.618"></status>
</kw>
<kw name="Open Browser" library="SeleniumLibrary">
<doc>Opens a new browser instance to the optional ``url``.</doc>
<arguments>
<arg>https://www.google.com</arg>
<arg>${Browser}</arg>
</arguments>
<msg timestamp="20200428 17:39:13.620" level="INFO">Opening browser 'firefox' to base url 'https://www.google.com'.</msg>
<msg timestamp="20200428 17:39:13.626" level="INFO">Firefox driver log is always forced to to: C:\Users\Billy\git\RobotFramework_1\Test01\geckodriver-23.log</msg>
<status status="PASS" starttime="20200428 17:39:13.619" endtime="20200428 17:39:29.391"></status>
</kw>
<tags>
<tag>Smoke</tag>
</tags>
<status status="PASS" starttime="20200428 17:39:13.616" endtime="20200428 17:39:29.392" critical="yes"></status>
</test>
<test id="s1-s1-t3" name="InputInformation">
<kw name="Set Browser Implicit Wait" library="SeleniumLibrary">
<doc>Sets the implicit wait value used by Selenium.</doc>
<arguments>
<arg>10</arg>
</arguments>
<status status="PASS" starttime="20200428 17:39:29.396" endtime="20200428 17:39:29.411"></status>
</kw>
<kw name="Input Text" library="SeleniumLibrary">
<doc>Types the given ``text`` into the text field identified by ``locator``.</doc>
<arguments>
<arg>name=q</arg>
<arg>Something Silly</arg>
<arg>clear=True</arg>
</arguments>
<msg timestamp="20200428 17:39:29.413" level="INFO">Typing text 'Something Silly' into text field 'name=q'.</msg>
<status status="PASS" starttime="20200428 17:39:29.412" endtime="20200428 17:39:29.897"></status>
</kw>
<kw name="Capture Page Screenshot" library="SeleniumLibrary">
<doc>Takes a screenshot of the current page and embeds it into a log file.</doc>
<arguments>
<arg>filename=C:\\Automation\\Robot_Framework\\Screengrabs\\Screengrab.png</arg>
</arguments>
<msg timestamp="20200428 17:39:30.210" level="INFO" html="yes">&lt;/td&gt;&lt;/tr&gt;&lt;tr&gt;&lt;td colspan="3"&gt;&lt;a href="../../../../../Automation/Robot_Framework/Screengrabs/Screengrab.png"&gt;&lt;img src="../../../../../Automation/Robot_Framework/Screengrabs/Screengrab.png" width="800px"&gt;&lt;/a&gt;</msg>
<status status="PASS" starttime="20200428 17:39:29.898" endtime="20200428 17:39:30.211"></status>
</kw>
<kw name="Press Keys" library="SeleniumLibrary">
<doc>Simulates the user pressing key(s) to an element or on the active browser.</doc>
<arguments>
<arg>name=q</arg>
<arg>ENTER</arg>
</arguments>
<msg timestamp="20200428 17:39:30.213" level="INFO">Sending key(s) ('ENTER',) to name=q element.</msg>
<msg timestamp="20200428 17:39:30.687" level="INFO">Pressing special key ENTER to element.</msg>
<msg timestamp="20200428 17:39:30.688" level="INFO">Releasing special key ENTER.</msg>
<status status="PASS" starttime="20200428 17:39:30.212" endtime="20200428 17:39:30.785"></status>
</kw>
<kw name="Capture Page Screenshot" library="SeleniumLibrary">
<doc>Takes a screenshot of the current page and embeds it into a log file.</doc>
<arguments>
<arg>filename=C:\\Automation\\Robot_Framework\\Screengrabs\\Screengrab2.png</arg>
</arguments>
<msg timestamp="20200428 17:39:30.980" level="INFO" html="yes">&lt;/td&gt;&lt;/tr&gt;&lt;tr&gt;&lt;td colspan="3"&gt;&lt;a href="../../../../../Automation/Robot_Framework/Screengrabs/Screengrab2.png"&gt;&lt;img src="../../../../../Automation/Robot_Framework/Screengrabs/Screengrab2.png" width="800px"&gt;&lt;/a&gt;</msg>
<status status="PASS" starttime="20200428 17:39:30.787" endtime="20200428 17:39:30.980"></status>
</kw>
<tags>
<tag>Acceptance</tag>
</tags>
<status status="PASS" starttime="20200428 17:39:29.394" endtime="20200428 17:39:30.981" critical="yes"></status>
</test>
<test id="s1-s1-t4" name="CloseBrowser">
<kw name="Log" library="BuiltIn">
<doc>Logs the given message with the given level.</doc>
<arguments>
<arg>Closing Browser</arg>
</arguments>
<msg timestamp="20200428 17:39:30.986" level="INFO">Closing Browser</msg>
<status status="PASS" starttime="20200428 17:39:30.984" endtime="20200428 17:39:30.987"></status>
</kw>
<kw name="Log" library="BuiltIn">
<doc>Logs the given message with the given level.</doc>
<arguments>
<arg>Get Browser Ids</arg>
</arguments>
<msg timestamp="20200428 17:39:30.989" level="INFO">Get Browser Ids</msg>
<status status="PASS" starttime="20200428 17:39:30.988" endtime="20200428 17:39:30.990"></status>
</kw>
<kw name="Close Browser" library="SeleniumLibrary">
<doc>Closes the current browser.</doc>
<status status="PASS" starttime="20200428 17:39:30.990" endtime="20200428 17:39:36.607"></status>
</kw>
<tags>
<tag>Smoke</tag>
</tags>
<status status="PASS" starttime="20200428 17:39:30.982" endtime="20200428 17:39:36.607" critical="yes"></status>
</test>
<test id="s1-s1-t5" name="SampleLoginTest">
<kw name="Log" library="BuiltIn">
<doc>Logs the given message with the given level.</doc>
<arguments>
<arg>Opening Browser</arg>
</arguments>
<msg timestamp="20200428 17:39:36.611" level="INFO">Opening Browser</msg>
<status status="PASS" starttime="20200428 17:39:36.609" endtime="20200428 17:39:36.611"></status>
</kw>
<kw name="Open Browser" library="SeleniumLibrary">
<doc>Opens a new browser instance to the optional ``url``.</doc>
<arguments>
<arg>${URL}</arg>
<arg>${Browser}</arg>
</arguments>
<msg timestamp="20200428 17:39:36.612" level="INFO">Opening browser 'firefox' to base url 'https://opensource-demo.orangehrmlive.com/'.</msg>
<msg timestamp="20200428 17:39:36.617" level="INFO">Firefox driver log is always forced to to: C:\Users\Billy\git\RobotFramework_1\Test01\geckodriver-24.log</msg>
<status status="PASS" starttime="20200428 17:39:36.612" endtime="20200428 17:39:51.765"></status>
</kw>
<kw name="Log" library="BuiltIn">
<doc>Logs the given message with the given level.</doc>
<arguments>
<arg>Entering credentials</arg>
</arguments>
<msg timestamp="20200428 17:39:51.768" level="INFO">Entering credentials</msg>
<status status="PASS" starttime="20200428 17:39:51.766" endtime="20200428 17:39:51.768"></status>
</kw>
<kw name="LoginAction">
<doc>Enter user login name and password and click submit</doc>
<kw name="Input Text" library="SeleniumLibrary">
<doc>Types the given ``text`` into the text field identified by ``locator``.</doc>
<arguments>
<arg>id=txtUsername</arg>
<arg>Admin</arg>
</arguments>
<msg timestamp="20200428 17:39:51.771" level="INFO">Typing text 'Admin' into text field 'id=txtUsername'.</msg>
<status status="PASS" starttime="20200428 17:39:51.770" endtime="20200428 17:39:51.886"></status>
</kw>
<kw name="Input Password" library="SeleniumLibrary">
<doc>Types the given password into the text field identified by ``locator``.</doc>
<arguments>
<arg>id=txtPassword</arg>
<arg>admin123</arg>
</arguments>
<msg timestamp="20200428 17:39:51.888" level="INFO">Typing password into text field 'id=txtPassword'.</msg>
<msg timestamp="20200428 17:39:51.918" level="INFO">Temporally setting log level to: NONE</msg>
<msg timestamp="20200428 17:39:51.964" level="INFO">Log level changed from NONE to INFO.</msg>
<status status="PASS" starttime="20200428 17:39:51.887" endtime="20200428 17:39:51.965"></status>
</kw>
<kw name="Log" library="BuiltIn">
<doc>Logs the given message with the given level.</doc>
<arguments>
<arg>Submitting for authentication</arg>
</arguments>
<msg timestamp="20200428 17:39:51.967" level="INFO">Submitting for authentication</msg>
<status status="PASS" starttime="20200428 17:39:51.966" endtime="20200428 17:39:51.967"></status>
</kw>
<kw name="Click Button" library="SeleniumLibrary">
<doc>Clicks the button identified by ``locator``.</doc>
<arguments>
<arg>id=btnLogin</arg>
</arguments>
<msg timestamp="20200428 17:39:51.969" level="INFO">Clicking button 'id=btnLogin'.</msg>
<status status="PASS" starttime="20200428 17:39:51.968" endtime="20200428 17:39:53.883"></status>
</kw>
<status status="PASS" starttime="20200428 17:39:51.769" endtime="20200428 17:39:53.884"></status>
</kw>
<kw name="Title Should Be" library="SeleniumLibrary">
<doc>Verifies that the current page title equals ``title``.</doc>
<arguments>
<arg>OrangeHRM</arg>
</arguments>
<msg timestamp="20200428 17:39:53.894" level="INFO">Page title is 'OrangeHRM'.</msg>
<status status="PASS" starttime="20200428 17:39:53.885" endtime="20200428 17:39:53.896"></status>
</kw>
<kw name="Log" library="BuiltIn">
<doc>Logs the given message with the given level.</doc>
<arguments>
<arg>Logging Out</arg>
</arguments>
<msg timestamp="20200428 17:39:53.898" level="INFO">Logging Out</msg>
<status status="PASS" starttime="20200428 17:39:53.897" endtime="20200428 17:39:53.898"></status>
</kw>
<kw name="Click Link" library="SeleniumLibrary">
<doc>Clicks a link identified by ``locator``.</doc>
<arguments>
<arg>id=welcome</arg>
</arguments>
<msg timestamp="20200428 17:39:53.900" level="INFO">Clicking link 'id=welcome'.</msg>
<status status="PASS" starttime="20200428 17:39:53.899" endtime="20200428 17:39:54.217"></status>
</kw>
<kw name="Wait Until Element Is Visible" library="SeleniumLibrary">
<doc>Waits until the element ``locator`` is visible.</doc>
<arguments>
<arg>link=Logout</arg>
</arguments>
<status status="PASS" starttime="20200428 17:39:54.218" endtime="20200428 17:39:57.336"></status>
</kw>
<kw name="Click Element" library="SeleniumLibrary">
<doc>Click the element identified by ``locator``.</doc>
<arguments>
<arg>link=Logout</arg>
</arguments>
<msg timestamp="20200428 17:39:57.338" level="INFO">Clicking element 'link=Logout'.</msg>
<status status="PASS" starttime="20200428 17:39:57.337" endtime="20200428 17:39:58.788"></status>
</kw>
<kw name="Close Browser" library="SeleniumLibrary">
<doc>Closes the current browser.</doc>
<status status="PASS" starttime="20200428 17:39:58.789" endtime="20200428 17:40:04.055"></status>
</kw>
<doc>A sample log in test, executed by Billy</doc>
<tags>
<tag>Acceptance</tag>
</tags>
<status status="PASS" starttime="20200428 17:39:36.608" endtime="20200428 17:40:04.056" critical="yes"></status>
</test>
<status status="PASS" starttime="20200428 17:39:13.049" endtime="20200428 17:40:04.058"></status>
</suite>
<status status="PASS" starttime="20200428 17:39:12.950" endtime="20200428 17:40:04.070"></status>
</suite>
<statistics>
<total>
<stat pass="5" fail="0">Critical Tests</stat>
<stat pass="5" fail="0">All Tests</stat>
</total>
<tag>
<stat pass="2" fail="0">Acceptance</stat>
<stat pass="3" fail="0">Smoke</stat>
</tag>
<suite>
<stat pass="5" fail="0" id="s1" name="Test01">Test01</stat>
<stat pass="5" fail="0" id="s1-s1" name="TestSuite1">Test01.TestSuite1</stat>
</suite>
</statistics>
<errors>
<msg timestamp="20200428 17:39:12.834" level="WARN">Collapsing consecutive whitespace during parsing is deprecated. Fix ' *** Test Cases ***' in file 'C:\Users\Billy\git\RobotFramework_1\Test01\TestSuite1.robot' on line 19.</msg>
</errors>
</robot>
